This is XeTeX, Version 3.141592653-2.6-0.999994 (TeX Live 2022) (preloaded format=xelatex 2022.5.16)  7 OCT 2023 17:36
entering extended mode
 restricted \write18 enabled.
 file:line:error style messages enabled.
 %&-line parsing enabled.
**slides
(./slides.tex
LaTeX2e <2021-11-15> patch level 1
L3 programming layer <2022-02-24> (d:/Program/texlive/2022/texmf-dist/tex/latex/beamer/beamer.cls
Document Class: beamer 2022/02/08 v3.66 A class for typesetting presentations
(d:/Program/texlive/2022/texmf-dist/tex/latex/beamer/beamerbasemodes.sty (d:/Program/texlive/2022/texmf-dist/tex/latex/etoolbox/etoolbox.sty
Package: etoolbox 2020/10/05 v2.5k e-TeX tools for LaTeX (JAW)
\etb@tempcnta=\count181
)
\beamer@tempbox=\box50
\beamer@tempcount=\count182
\c@beamerpauses=\count183
 (d:/Program/texlive/2022/texmf-dist/tex/latex/beamer/beamerbasedecode.sty
\beamer@slideinframe=\count184
\beamer@minimum=\count185
\beamer@decode@box=\box51
)
\beamer@commentbox=\box52
\beamer@modecount=\count186
) (d:/Program/texlive/2022/texmf-dist/tex/generic/iftex/iftex.sty
Package: iftex 2022/02/03 v1.0f TeX engine tests
)
\headdp=\dimen138
\footheight=\dimen139
\sidebarheight=\dimen140
\beamer@tempdim=\dimen141
\beamer@finalheight=\dimen142
\beamer@animht=\dimen143
\beamer@animdp=\dimen144
\beamer@animwd=\dimen145
\beamer@leftmargin=\dimen146
\beamer@rightmargin=\dimen147
\beamer@leftsidebar=\dimen148
\beamer@rightsidebar=\dimen149
\beamer@boxsize=\dimen150
\beamer@vboxoffset=\dimen151
\beamer@descdefault=\dimen152
\beamer@descriptionwidth=\dimen153
\beamer@lastskip=\skip47
\beamer@areabox=\box53
\beamer@animcurrent=\box54
\beamer@animshowbox=\box55
\beamer@sectionbox=\box56
\beamer@logobox=\box57
\beamer@linebox=\box58
\beamer@sectioncount=\count187
\beamer@subsubsectionmax=\count188
\beamer@subsectionmax=\count189
\beamer@sectionmax=\count190
\beamer@totalheads=\count191
\beamer@headcounter=\count192
\beamer@partstartpage=\count193
\beamer@sectionstartpage=\count194
\beamer@subsectionstartpage=\count195
\beamer@animationtempa=\count196
\beamer@animationtempb=\count197
\beamer@xpos=\count198
\beamer@ypos=\count199
\beamer@ypos@offset=\count266
\beamer@showpartnumber=\count267
\beamer@currentsubsection=\count268
\beamer@coveringdepth=\count269
\beamer@sectionadjust=\count270
\beamer@toclastsection=\count271
\beamer@tocsectionnumber=\count272
 (d:/Program/texlive/2022/texmf-dist/tex/latex/beamer/beamerbaseoptions.sty (d:/Program/texlive/2022/texmf-dist/tex/latex/graphics/keyval.sty
Package: keyval 2014/10/28 v1.15 key=value parser (DPC)
\KV@toks@=\toks16
))
\beamer@paperwidth=\skip48
\beamer@paperheight=\skip49
 (d:/Program/texlive/2022/texmf-dist/tex/latex/geometry/geometry.sty
Package: geometry 2020/01/02 v5.9 Page Geometry
 (d:/Program/texlive/2022/texmf-dist/tex/generic/iftex/ifvtex.sty
Package: ifvtex 2019/10/25 v1.7 ifvtex legacy package. Use iftex instead.
)
\Gm@cnth=\count273
\Gm@cntv=\count274
\c@Gm@tempcnt=\count275
\Gm@bindingoffset=\dimen154
\Gm@wd@mp=\dimen155
\Gm@odd@mp=\dimen156
\Gm@even@mp=\dimen157
\Gm@layoutwidth=\dimen158
\Gm@layoutheight=\dimen159
\Gm@layouthoffset=\dimen160
\Gm@layoutvoffset=\dimen161
\Gm@dimlist=\toks17
) (d:/Program/texlive/2022/texmf-dist/tex/latex/pgf/math/pgfmath.sty (d:/Program/texlive/2022/texmf-dist/tex/latex/pgf/utilities/pgfrcs.sty (d:/Program/texlive/2022/texmf-dist/tex/generic/pgf/utilities/pgfutil-common.tex
\pgfutil@everybye=\toks18
\pgfutil@tempdima=\dimen162
\pgfutil@tempdimb=\dimen163
 (d:/Program/texlive/2022/texmf-dist/tex/generic/pgf/utilities/pgfutil-common-lists.tex)) (d:/Program/texlive/2022/texmf-dist/tex/generic/pgf/utilities/pgfutil-latex.def
\pgfutil@abb=\box59
) (d:/Program/texlive/2022/texmf-dist/tex/generic/pgf/utilities/pgfrcs.code.tex (d:/Program/texlive/2022/texmf-dist/tex/generic/pgf/pgf.revision.tex)
Package: pgfrcs 2021/05/15 v3.1.9a (3.1.9a)
)) (d:/Program/texlive/2022/texmf-dist/tex/latex/pgf/utilities/pgfkeys.sty (d:/Program/texlive/2022/texmf-dist/tex/generic/pgf/utilities/pgfkeys.code.tex
\pgfkeys@pathtoks=\toks19
\pgfkeys@temptoks=\toks20
 (d:/Program/texlive/2022/texmf-dist/tex/generic/pgf/utilities/pgfkeysfiltered.code.tex
\pgfkeys@tmptoks=\toks21
))) (d:/Program/texlive/2022/texmf-dist/tex/generic/pgf/math/pgfmath.code.tex (d:/Program/texlive/2022/texmf-dist/tex/generic/pgf/math/pgfmathcalc.code.tex (d:/Program/texlive/2022/texmf-dist/tex/generic/pgf/math/pgfmathutil.code.tex
\pgf@x=\dimen164
\pgf@xa=\dimen165
\pgf@xb=\dimen166
\pgf@xc=\dimen167
\pgf@y=\dimen168
\pgf@ya=\dimen169
\pgf@yb=\dimen170
\pgf@yc=\dimen171
\c@pgf@counta=\count276
\c@pgf@countb=\count277
\c@pgf@countc=\count278
\c@pgf@countd=\count279
) (d:/Program/texlive/2022/texmf-dist/tex/generic/pgf/math/pgfmathparser.code.tex
\pgfmath@dimen=\dimen172
\pgfmath@count=\count280
\pgfmath@box=\box60
\pgfmath@toks=\toks22
\pgfmath@stack@operand=\toks23
\pgfmath@stack@operation=\toks24
) (d:/Program/texlive/2022/texmf-dist/tex/generic/pgf/math/pgfmathfunctions.code.tex (d:/Program/texlive/2022/texmf-dist/tex/generic/pgf/math/pgfmathfunctions.basic.code.tex) (d:/Program/texlive/2022/texmf-dist/tex/generic/pgf/math/pgfmathfunctions.trigonometric.code.tex) (d:/Program/texlive/2022/texmf-dist/tex/generic/pgf/math/pgfmathfunctions.random.code.tex) (d:/Program/texlive/2022/texmf-dist/tex/generic/pgf/math/pgfmathfunctions.comparison.code.tex) (d:/Program/texlive/2022/texmf-dist/tex/generic/pgf/math/pgfmathfunctions.base.code.tex) (d:/Program/texlive/2022/texmf-dist/tex/generic/pgf/math/pgfmathfunctions.round.code.tex) (d:/Program/texlive/2022/texmf-dist/tex/generic/pgf/math/pgfmathfunctions.misc.code.tex) (d:/Program/texlive/2022/texmf-dist/tex/generic/pgf/math/pgfmathfunctions.integerarithmetics.code.tex))) (d:/Program/texlive/2022/texmf-dist/tex/generic/pgf/math/pgfmathfloat.code.tex
\c@pgfmathroundto@lastzeros=\count281
)))

Class beamer Warning: ``mathserif'' is obsolete. Use font theme ``serif'' with option ``onlymath'' on input line 357.

(d:/Program/texlive/2022/texmf-dist/tex/latex/base/size10.clo
File: size10.clo 2021/10/04 v1.4n Standard LaTeX file (size option)
) (d:/Program/texlive/2022/texmf-dist/tex/latex/pgf/basiclayer/pgfcore.sty (d:/Program/texlive/2022/texmf-dist/tex/latex/graphics/graphicx.sty
Package: graphicx 2021/09/16 v1.2d Enhanced LaTeX Graphics (DPC,SPQR)
 (d:/Program/texlive/2022/texmf-dist/tex/latex/graphics/graphics.sty
Package: graphics 2021/03/04 v1.4d Standard LaTeX Graphics (DPC,SPQR)
 (d:/Program/texlive/2022/texmf-dist/tex/latex/graphics/trig.sty
Package: trig 2021/08/11 v1.11 sin cos tan (DPC)
) (d:/Program/texlive/2022/texmf-dist/tex/latex/graphics-cfg/graphics.cfg
File: graphics.cfg 2016/06/04 v1.11 sample graphics configuration
)
Package graphics Info: Driver file: xetex.def on input line 107.
 (d:/Program/texlive/2022/texmf-dist/tex/latex/graphics-def/xetex.def
File: xetex.def 2021/03/18 v5.0k Graphics/color driver for xetex
))
\Gin@req@height=\dimen173
\Gin@req@width=\dimen174
) (d:/Program/texlive/2022/texmf-dist/tex/latex/pgf/systemlayer/pgfsys.sty (d:/Program/texlive/2022/texmf-dist/tex/generic/pgf/systemlayer/pgfsys.code.tex
Package: pgfsys 2021/05/15 v3.1.9a (3.1.9a)
 (d:/Program/texlive/2022/texmf-dist/tex/generic/pgf/utilities/pgfkeys.code.tex)
\pgf@x=\dimen175
\pgf@y=\dimen176
\pgf@xa=\dimen177
\pgf@ya=\dimen178
\pgf@xb=\dimen179
\pgf@yb=\dimen180
\pgf@xc=\dimen181
\pgf@yc=\dimen182
\pgf@xd=\dimen183
\pgf@yd=\dimen184
\w@pgf@writea=\write3
\r@pgf@reada=\read2
\c@pgf@counta=\count282
\c@pgf@countb=\count283
\c@pgf@countc=\count284
\c@pgf@countd=\count285
\t@pgf@toka=\toks25
\t@pgf@tokb=\toks26
\t@pgf@tokc=\toks27
\pgf@sys@id@count=\count286
 (d:/Program/texlive/2022/texmf-dist/tex/generic/pgf/systemlayer/pgf.cfg
File: pgf.cfg 2021/05/15 v3.1.9a (3.1.9a)
)
Driver file for pgf: pgfsys-xetex.def
 (d:/Program/texlive/2022/texmf-dist/tex/generic/pgf/systemlayer/pgfsys-xetex.def
File: pgfsys-xetex.def 2021/05/15 v3.1.9a (3.1.9a)
 (d:/Program/texlive/2022/texmf-dist/tex/generic/pgf/systemlayer/pgfsys-dvipdfmx.def
File: pgfsys-dvipdfmx.def 2021/05/15 v3.1.9a (3.1.9a)
 (d:/Program/texlive/2022/texmf-dist/tex/generic/pgf/systemlayer/pgfsys-common-pdf.def
File: pgfsys-common-pdf.def 2021/05/15 v3.1.9a (3.1.9a)
)
\pgfsys@objnum=\count287
))) (d:/Program/texlive/2022/texmf-dist/tex/generic/pgf/systemlayer/pgfsyssoftpath.code.tex
File: pgfsyssoftpath.code.tex 2021/05/15 v3.1.9a (3.1.9a)
\pgfsyssoftpath@smallbuffer@items=\count288
\pgfsyssoftpath@bigbuffer@items=\count289
) (d:/Program/texlive/2022/texmf-dist/tex/generic/pgf/systemlayer/pgfsysprotocol.code.tex
File: pgfsysprotocol.code.tex 2021/05/15 v3.1.9a (3.1.9a)
)) (d:/Program/texlive/2022/texmf-dist/tex/latex/xcolor/xcolor.sty
Package: xcolor 2021/10/31 v2.13 LaTeX color extensions (UK)
 (d:/Program/texlive/2022/texmf-dist/tex/latex/graphics-cfg/color.cfg
File: color.cfg 2016/01/02 v1.6 sample color configuration
)
Package xcolor Info: Driver file: xetex.def on input line 227.
 (d:/Program/texlive/2022/texmf-dist/tex/latex/colortbl/colortbl.sty
Package: colortbl 2020/01/04 v1.0e Color table columns (DPC)
 (d:/Program/texlive/2022/texmf-dist/tex/latex/tools/array.sty
Package: array 2021/10/04 v2.5f Tabular extension package (FMi)
\col@sep=\dimen185
\ar@mcellbox=\box61
\extrarowheight=\dimen186
\NC@list=\toks28
\extratabsurround=\skip50
\backup@length=\skip51
\ar@cellbox=\box62
)
\everycr=\toks29
\minrowclearance=\skip52
)
\rownum=\count290
Package xcolor Info: Model `cmy' substituted by `cmy0' on input line 1352.
Package xcolor Info: Model `RGB' extended on input line 1368.
Package xcolor Info: Model `HTML' substituted by `rgb' on input line 1370.
Package xcolor Info: Model `Hsb' substituted by `hsb' on input line 1371.
Package xcolor Info: Model `tHsb' substituted by `hsb' on input line 1372.
Package xcolor Info: Model `HSB' substituted by `hsb' on input line 1373.
Package xcolor Info: Model `Gray' substituted by `gray' on input line 1374.
Package xcolor Info: Model `wave' substituted by `hsb' on input line 1375.
) (d:/Program/texlive/2022/texmf-dist/tex/generic/pgf/basiclayer/pgfcore.code.tex
Package: pgfcore 2021/05/15 v3.1.9a (3.1.9a)
 (d:/Program/texlive/2022/texmf-dist/tex/generic/pgf/math/pgfmath.code.tex) (d:/Program/texlive/2022/texmf-dist/tex/generic/pgf/math/pgfint.code.tex) (d:/Program/texlive/2022/texmf-dist/tex/generic/pgf/basiclayer/pgfcorepoints.code.tex
File: pgfcorepoints.code.tex 2021/05/15 v3.1.9a (3.1.9a)
\pgf@picminx=\dimen187
\pgf@picmaxx=\dimen188
\pgf@picminy=\dimen189
\pgf@picmaxy=\dimen190
\pgf@pathminx=\dimen191
\pgf@pathmaxx=\dimen192
\pgf@pathminy=\dimen193
\pgf@pathmaxy=\dimen194
\pgf@xx=\dimen195
\pgf@xy=\dimen196
\pgf@yx=\dimen197
\pgf@yy=\dimen198
\pgf@zx=\dimen199
\pgf@zy=\dimen256
) (d:/Program/texlive/2022/texmf-dist/tex/generic/pgf/basiclayer/pgfcorepathconstruct.code.tex
File: pgfcorepathconstruct.code.tex 2021/05/15 v3.1.9a (3.1.9a)
\pgf@path@lastx=\dimen257
\pgf@path@lasty=\dimen258
) (d:/Program/texlive/2022/texmf-dist/tex/generic/pgf/basiclayer/pgfcorepathusage.code.tex
File: pgfcorepathusage.code.tex 2021/05/15 v3.1.9a (3.1.9a)
\pgf@shorten@end@additional=\dimen259
\pgf@shorten@start@additional=\dimen260
) (d:/Program/texlive/2022/texmf-dist/tex/generic/pgf/basiclayer/pgfcorescopes.code.tex
File: pgfcorescopes.code.tex 2021/05/15 v3.1.9a (3.1.9a)
\pgfpic=\box63
\pgf@hbox=\box64
\pgf@layerbox@main=\box65
\pgf@picture@serial@count=\count291
) (d:/Program/texlive/2022/texmf-dist/tex/generic/pgf/basiclayer/pgfcoregraphicstate.code.tex
File: pgfcoregraphicstate.code.tex 2021/05/15 v3.1.9a (3.1.9a)
\pgflinewidth=\dimen261
) (d:/Program/texlive/2022/texmf-dist/tex/generic/pgf/basiclayer/pgfcoretransformations.code.tex
File: pgfcoretransformations.code.tex 2021/05/15 v3.1.9a (3.1.9a)
\pgf@pt@x=\dimen262
\pgf@pt@y=\dimen263
\pgf@pt@temp=\dimen264
) (d:/Program/texlive/2022/texmf-dist/tex/generic/pgf/basiclayer/pgfcorequick.code.tex
File: pgfcorequick.code.tex 2021/05/15 v3.1.9a (3.1.9a)
) (d:/Program/texlive/2022/texmf-dist/tex/generic/pgf/basiclayer/pgfcoreobjects.code.tex
File: pgfcoreobjects.code.tex 2021/05/15 v3.1.9a (3.1.9a)
) (d:/Program/texlive/2022/texmf-dist/tex/generic/pgf/basiclayer/pgfcorepathprocessing.code.tex
File: pgfcorepathprocessing.code.tex 2021/05/15 v3.1.9a (3.1.9a)
) (d:/Program/texlive/2022/texmf-dist/tex/generic/pgf/basiclayer/pgfcorearrows.code.tex
File: pgfcorearrows.code.tex 2021/05/15 v3.1.9a (3.1.9a)
\pgfarrowsep=\dimen265
) (d:/Program/texlive/2022/texmf-dist/tex/generic/pgf/basiclayer/pgfcoreshade.code.tex
File: pgfcoreshade.code.tex 2021/05/15 v3.1.9a (3.1.9a)
\pgf@max=\dimen266
\pgf@sys@shading@range@num=\count292
\pgf@shadingcount=\count293
) (d:/Program/texlive/2022/texmf-dist/tex/generic/pgf/basiclayer/pgfcoreimage.code.tex
File: pgfcoreimage.code.tex 2021/05/15 v3.1.9a (3.1.9a)
 (d:/Program/texlive/2022/texmf-dist/tex/generic/pgf/basiclayer/pgfcoreexternal.code.tex
File: pgfcoreexternal.code.tex 2021/05/15 v3.1.9a (3.1.9a)
\pgfexternal@startupbox=\box66
)) (d:/Program/texlive/2022/texmf-dist/tex/generic/pgf/basiclayer/pgfcorelayers.code.tex
File: pgfcorelayers.code.tex 2021/05/15 v3.1.9a (3.1.9a)
) (d:/Program/texlive/2022/texmf-dist/tex/generic/pgf/basiclayer/pgfcoretransparency.code.tex
File: pgfcoretransparency.code.tex 2021/05/15 v3.1.9a (3.1.9a)
) (d:/Program/texlive/2022/texmf-dist/tex/generic/pgf/basiclayer/pgfcorepatterns.code.tex
File: pgfcorepatterns.code.tex 2021/05/15 v3.1.9a (3.1.9a)
) (d:/Program/texlive/2022/texmf-dist/tex/generic/pgf/basiclayer/pgfcorerdf.code.tex
File: pgfcorerdf.code.tex 2021/05/15 v3.1.9a (3.1.9a)
))) (d:/Program/texlive/2022/texmf-dist/tex/latex/pgf/utilities/xxcolor.sty
Package: xxcolor 2003/10/24 ver 0.1
\XC@nummixins=\count294
\XC@countmixins=\count295
) (d:/Program/texlive/2022/texmf-dist/tex/latex/base/atbegshi-ltx.sty
Package: atbegshi-ltx 2021/01/10 v1.0c Emulation of the original atbegshi
package with kernel methods
) (d:/Program/texlive/2022/texmf-dist/tex/latex/hyperref/hyperref.sty
Package: hyperref 2022-02-21 v7.00n Hypertext links for LaTeX
 (d:/Program/texlive/2022/texmf-dist/tex/generic/ltxcmds/ltxcmds.sty
Package: ltxcmds 2020-05-10 v1.25 LaTeX kernel commands for general use (HO)
) (d:/Program/texlive/2022/texmf-dist/tex/generic/pdftexcmds/pdftexcmds.sty
Package: pdftexcmds 2020-06-27 v0.33 Utility functions of pdfTeX for LuaTeX (HO)
 (d:/Program/texlive/2022/texmf-dist/tex/generic/infwarerr/infwarerr.sty
Package: infwarerr 2019/12/03 v1.5 Providing info/warning/error messages (HO)
)
Package pdftexcmds Info: \pdf@primitive is available.
Package pdftexcmds Info: \pdf@ifprimitive is available.
Package pdftexcmds Info: \pdfdraftmode not found.
) (d:/Program/texlive/2022/texmf-dist/tex/generic/kvsetkeys/kvsetkeys.sty
Package: kvsetkeys 2019/12/15 v1.18 Key value parser (HO)
) (d:/Program/texlive/2022/texmf-dist/tex/generic/kvdefinekeys/kvdefinekeys.sty
Package: kvdefinekeys 2019-12-19 v1.6 Define keys (HO)
) (d:/Program/texlive/2022/texmf-dist/tex/generic/pdfescape/pdfescape.sty
Package: pdfescape 2019/12/09 v1.15 Implements pdfTeX's escape features (HO)
) (d:/Program/texlive/2022/texmf-dist/tex/latex/hycolor/hycolor.sty
Package: hycolor 2020-01-27 v1.10 Color options for hyperref/bookmark (HO)
) (d:/Program/texlive/2022/texmf-dist/tex/latex/letltxmacro/letltxmacro.sty
Package: letltxmacro 2019/12/03 v1.6 Let assignment for LaTeX macros (HO)
) (d:/Program/texlive/2022/texmf-dist/tex/latex/auxhook/auxhook.sty
Package: auxhook 2019-12-17 v1.6 Hooks for auxiliary files (HO)
) (d:/Program/texlive/2022/texmf-dist/tex/latex/kvoptions/kvoptions.sty
Package: kvoptions 2020-10-07 v3.14 Key value format for package options (HO)
)
\@linkdim=\dimen267
\Hy@linkcounter=\count296
\Hy@pagecounter=\count297
 (d:/Program/texlive/2022/texmf-dist/tex/latex/hyperref/pd1enc.def
File: pd1enc.def 2022-02-21 v7.00n Hyperref: PDFDocEncoding definition (HO)
) (d:/Program/texlive/2022/texmf-dist/tex/generic/intcalc/intcalc.sty
Package: intcalc 2019/12/15 v1.3 Expandable calculations with integers (HO)
) (d:/Program/texlive/2022/texmf-dist/tex/generic/etexcmds/etexcmds.sty
Package: etexcmds 2019/12/15 v1.7 Avoid name clashes with e-TeX commands (HO)
)
\Hy@SavedSpaceFactor=\count298
 (d:/Program/texlive/2022/texmf-dist/tex/latex/hyperref/puenc.def
File: puenc.def 2022-02-21 v7.00n Hyperref: PDF Unicode definition (HO)
)
Package hyperref Info: Option `bookmarks' set `true' on input line 4018.
Package hyperref Info: Option `bookmarksopen' set `true' on input line 4018.
Package hyperref Info: Option `implicit' set `false' on input line 4018.
Package hyperref Info: Hyper figures OFF on input line 4137.
Package hyperref Info: Link nesting OFF on input line 4142.
Package hyperref Info: Hyper index ON on input line 4145.
Package hyperref Info: Plain pages OFF on input line 4152.
Package hyperref Info: Backreferencing OFF on input line 4157.
Package hyperref Info: Implicit mode OFF; no redefinition of LaTeX internals.
Package hyperref Info: Bookmarks ON on input line 4390.
\c@Hy@tempcnt=\count299
 (d:/Program/texlive/2022/texmf-dist/tex/latex/url/url.sty
\Urlmuskip=\muskip16
Package: url 2013/09/16  ver 3.4  Verb mode for urls, etc.
)
LaTeX Info: Redefining \url on input line 4749.
\XeTeXLinkMargin=\dimen268
 (d:/Program/texlive/2022/texmf-dist/tex/generic/bitset/bitset.sty
Package: bitset 2019/12/09 v1.3 Handle bit-vector datatype (HO)
 (d:/Program/texlive/2022/texmf-dist/tex/generic/bigintcalc/bigintcalc.sty
Package: bigintcalc 2019/12/15 v1.5 Expandable calculations on big integers (HO)
))
\Fld@menulength=\count300
\Field@Width=\dimen269
\Fld@charsize=\dimen270
Package hyperref Info: Hyper figures OFF on input line 6027.
Package hyperref Info: Link nesting OFF on input line 6032.
Package hyperref Info: Hyper index ON on input line 6035.
Package hyperref Info: backreferencing OFF on input line 6042.
Package hyperref Info: Link coloring OFF on input line 6047.
Package hyperref Info: Link coloring with OCG OFF on input line 6052.
Package hyperref Info: PDF/A mode OFF on input line 6057.
LaTeX Info: Redefining \ref on input line 6097.
LaTeX Info: Redefining \pageref on input line 6101.
\Hy@abspage=\count301


Package hyperref Message: Stopped early.

)
Package hyperref Info: Driver (autodetected): hxetex.
 (d:/Program/texlive/2022/texmf-dist/tex/latex/hyperref/hxetex.def
File: hxetex.def 2022-02-21 v7.00n Hyperref driver for XeTeX
 (d:/Program/texlive/2022/texmf-dist/tex/generic/stringenc/stringenc.sty
Package: stringenc 2019/11/29 v1.12 Convert strings between diff. encodings (HO)
)
\pdfm@box=\box67
\c@Hy@AnnotLevel=\count302
\HyField@AnnotCount=\count303
\Fld@listcount=\count304
\c@bookmark@seq@number=\count305
 (d:/Program/texlive/2022/texmf-dist/tex/latex/rerunfilecheck/rerunfilecheck.sty
Package: rerunfilecheck 2019/12/05 v1.9 Rerun checks for auxiliary files (HO)
 (d:/Program/texlive/2022/texmf-dist/tex/latex/base/atveryend-ltx.sty
Package: atveryend-ltx 2020/08/19 v1.0a Emulation of the original atveryend package
with kernel methods
) (d:/Program/texlive/2022/texmf-dist/tex/generic/uniquecounter/uniquecounter.sty
Package: uniquecounter 2019/12/15 v1.4 Provide unlimited unique counter (HO)
)
Package uniquecounter Info: New unique counter `rerunfilecheck' on input line 286.
)) (d:/Program/texlive/2022/texmf-dist/tex/latex/beamer/beamerbaserequires.sty (d:/Program/texlive/2022/texmf-dist/tex/latex/beamer/beamerbasecompatibility.sty) (d:/Program/texlive/2022/texmf-dist/tex/latex/beamer/beamerbasefont.sty (d:/Program/texlive/2022/texmf-dist/tex/latex/amsfonts/amssymb.sty
Package: amssymb 2013/01/14 v3.01 AMS font symbols
 (d:/Program/texlive/2022/texmf-dist/tex/latex/amsfonts/amsfonts.sty
Package: amsfonts 2013/01/14 v3.01 Basic AMSFonts support
\@emptytoks=\toks30
\symAMSa=\mathgroup4
\symAMSb=\mathgroup5
LaTeX Font Info:    Redeclaring math symbol \hbar on input line 98.
LaTeX Font Info:    Overwriting math alphabet `\mathfrak' in version `bold'
(Font)                  U/euf/m/n --> U/euf/b/n on input line 106.
))) (d:/Program/texlive/2022/texmf-dist/tex/latex/beamer/beamerbasetranslator.sty (d:/Program/texlive/2022/texmf-dist/tex/latex/translator/translator.sty
Package: translator 2021-05-31 v1.12d Easy translation of strings in LaTeX
)) (d:/Program/texlive/2022/texmf-dist/tex/latex/beamer/beamerbasemisc.sty) (d:/Program/texlive/2022/texmf-dist/tex/latex/beamer/beamerbasetwoscreens.sty) (d:/Program/texlive/2022/texmf-dist/tex/latex/beamer/beamerbaseoverlay.sty
\beamer@argscount=\count306
\beamer@lastskipcover=\skip53
\beamer@trivlistdepth=\count307
) (d:/Program/texlive/2022/texmf-dist/tex/latex/beamer/beamerbasetitle.sty) (d:/Program/texlive/2022/texmf-dist/tex/latex/beamer/beamerbasesection.sty
\c@lecture=\count308
\c@part=\count309
\c@section=\count310
\c@subsection=\count311
\c@subsubsection=\count312
) (d:/Program/texlive/2022/texmf-dist/tex/latex/beamer/beamerbaseframe.sty
\beamer@framebox=\box68
\beamer@frametitlebox=\box69
\beamer@zoombox=\box70
\beamer@zoomcount=\count313
\beamer@zoomframecount=\count314
\beamer@frametextheight=\dimen271
\c@subsectionslide=\count315
\beamer@frametopskip=\skip54
\beamer@framebottomskip=\skip55
\beamer@frametopskipautobreak=\skip56
\beamer@framebottomskipautobreak=\skip57
\beamer@envbody=\toks31
\framewidth=\dimen272
\c@framenumber=\count316
) (d:/Program/texlive/2022/texmf-dist/tex/latex/beamer/beamerbaseverbatim.sty
\beamer@verbatimfileout=\write4
) (d:/Program/texlive/2022/texmf-dist/tex/latex/beamer/beamerbaseframesize.sty
\beamer@splitbox=\box71
\beamer@autobreakcount=\count317
\beamer@autobreaklastheight=\dimen273
\beamer@frametitletoks=\toks32
\beamer@framesubtitletoks=\toks33
) (d:/Program/texlive/2022/texmf-dist/tex/latex/beamer/beamerbaseframecomponents.sty
\beamer@footins=\box72
) (d:/Program/texlive/2022/texmf-dist/tex/latex/beamer/beamerbasecolor.sty) (d:/Program/texlive/2022/texmf-dist/tex/latex/beamer/beamerbasenotes.sty
\beamer@frameboxcopy=\box73
) (d:/Program/texlive/2022/texmf-dist/tex/latex/beamer/beamerbasetoc.sty) (d:/Program/texlive/2022/texmf-dist/tex/latex/beamer/beamerbasetemplates.sty
\beamer@sbttoks=\toks34
 (d:/Program/texlive/2022/texmf-dist/tex/latex/beamer/beamerbaseauxtemplates.sty (d:/Program/texlive/2022/texmf-dist/tex/latex/beamer/beamerbaseboxes.sty
\bmb@box=\box74
\bmb@colorbox=\box75
\bmb@boxwidth=\dimen274
\bmb@boxheight=\dimen275
\bmb@prevheight=\dimen276
\bmb@temp=\dimen277
\bmb@dima=\dimen278
\bmb@dimb=\dimen279
\bmb@prevheight=\dimen280
)
\beamer@blockheadheight=\dimen281
)) (d:/Program/texlive/2022/texmf-dist/tex/latex/beamer/beamerbaselocalstructure.sty (d:/Program/texlive/2022/texmf-dist/tex/latex/tools/enumerate.sty
Package: enumerate 2015/07/23 v3.00 enumerate extensions (DPC)
\@enLab=\toks35
)
\beamer@bibiconwidth=\skip58
\c@figure=\count318
\c@table=\count319
\abovecaptionskip=\skip59
\belowcaptionskip=\skip60
) (d:/Program/texlive/2022/texmf-dist/tex/latex/beamer/beamerbasenavigation.sty
\beamer@section@min@dim=\dimen282
) (d:/Program/texlive/2022/texmf-dist/tex/latex/beamer/beamerbasetheorems.sty (d:/Program/texlive/2022/texmf-dist/tex/latex/amsmath/amsmath.sty
Package: amsmath 2021/10/15 v2.17l AMS math features
\@mathmargin=\skip61

For additional information on amsmath, use the `?' option.
(d:/Program/texlive/2022/texmf-dist/tex/latex/amsmath/amstext.sty
Package: amstext 2021/08/26 v2.01 AMS text
 (d:/Program/texlive/2022/texmf-dist/tex/latex/amsmath/amsgen.sty
File: amsgen.sty 1999/11/30 v2.0 generic functions
\@emptytoks=\toks36
\ex@=\dimen283
)) (d:/Program/texlive/2022/texmf-dist/tex/latex/amsmath/amsbsy.sty
Package: amsbsy 1999/11/29 v1.2d Bold Symbols
\pmbraise@=\dimen284
) (d:/Program/texlive/2022/texmf-dist/tex/latex/amsmath/amsopn.sty
Package: amsopn 2021/08/26 v2.02 operator names
)
\inf@bad=\count320
LaTeX Info: Redefining \frac on input line 234.
\uproot@=\count321
\leftroot@=\count322
LaTeX Info: Redefining \overline on input line 399.
\classnum@=\count323
\DOTSCASE@=\count324
LaTeX Info: Redefining \ldots on input line 496.
LaTeX Info: Redefining \dots on input line 499.
LaTeX Info: Redefining \cdots on input line 620.
\Mathstrutbox@=\box76
\strutbox@=\box77
\big@size=\dimen285
LaTeX Font Info:    Redeclaring font encoding OML on input line 743.
LaTeX Font Info:    Redeclaring font encoding OMS on input line 744.
\macc@depth=\count325
\c@MaxMatrixCols=\count326
\dotsspace@=\muskip17
\c@parentequation=\count327
\dspbrk@lvl=\count328
\tag@help=\toks37
\row@=\count329
\column@=\count330
\maxfields@=\count331
\andhelp@=\toks38
\eqnshift@=\dimen286
\alignsep@=\dimen287
\tagshift@=\dimen288
\tagwidth@=\dimen289
\totwidth@=\dimen290
\lineht@=\dimen291
\@envbody=\toks39
\multlinegap=\skip62
\multlinetaggap=\skip63
\mathdisplay@stack=\toks40
LaTeX Info: Redefining \[ on input line 2938.
LaTeX Info: Redefining \] on input line 2939.
) (d:/Program/texlive/2022/texmf-dist/tex/latex/amscls/amsthm.sty
Package: amsthm 2020/05/29 v2.20.6
\thm@style=\toks41
\thm@bodyfont=\toks42
\thm@headfont=\toks43
\thm@notefont=\toks44
\thm@headpunct=\toks45
\thm@preskip=\skip64
\thm@postskip=\skip65
\thm@headsep=\skip66
\dth@everypar=\toks46
)
\c@theorem=\count332
) (d:/Program/texlive/2022/texmf-dist/tex/latex/beamer/beamerbasethemes.sty)) (d:/Program/texlive/2022/texmf-dist/tex/latex/beamer/beamerthemedefault.sty (d:/Program/texlive/2022/texmf-dist/tex/latex/beamer/beamerfontthemedefault.sty) (d:/Program/texlive/2022/texmf-dist/tex/latex/beamer/beamercolorthemedefault.sty) (d:/Program/texlive/2022/texmf-dist/tex/latex/beamer/beamerinnerthemedefault.sty
\beamer@dima=\dimen292
\beamer@dimb=\dimen293
) (d:/Program/texlive/2022/texmf-dist/tex/latex/beamer/beamerouterthemedefault.sty)))
(d:/Program/texlive/2022/texmf-dist/tex/latex/animate/animate.sty
Package: animate 2022/02/21 PDF & SVG animations from files and inline graphics
(d:/Program/texlive/2022/texmf-dist/tex/latex/xkeyval/xkeyval.sty
Package: xkeyval 2020/11/20 v2.8 package option processing (HA)
(d:/Program/texlive/2022/texmf-dist/tex/generic/xkeyval/xkeyval.tex (d:/Program/texlive/2022/texmf-dist/tex/generic/xkeyval/xkvutils.tex
\XKV@toks=\toks47
\XKV@tempa@toks=\toks48
)
\XKV@depth=\count333
File: xkeyval.tex 2014/12/03 v2.7a key=value parser (HA)
)) (d:/Program/texlive/2022/texmf-dist/tex/latex/base/ifthen.sty
Package: ifthen 2020/11/24 v1.1c Standard LaTeX ifthen package (DPC)
) (d:/Program/texlive/2022/texmf-dist/tex/latex/oberdiek/ifdraft.sty
Package: ifdraft 2016/05/16 v1.4 Detect class options draft and final (HO)
) (d:/Program/texlive/2022/texmf-dist/tex/latex/tools/calc.sty
Package: calc 2017/05/25 v4.3 Infix arithmetic (KKT,FJ)
\calc@Acount=\count334
\calc@Bcount=\count335
\calc@Adimen=\dimen294
\calc@Bdimen=\dimen295
\calc@Askip=\skip67
\calc@Bskip=\skip68
LaTeX Info: Redefining \setlength on input line 80.
LaTeX Info: Redefining \addtolength on input line 81.
\calc@Ccount=\count336
\calc@Cskip=\skip69
) (d:/Program/texlive/2022/texmf-dist/tex/latex/zref/zref-abspage.sty
Package: zref-abspage 2020-07-03 v2.32 Module abspage for zref (HO)
(d:/Program/texlive/2022/texmf-dist/tex/latex/zref/zref-base.sty
Package: zref-base 2020-07-03 v2.32 Module base for zref (HO)
Package zref Info: New property list: main on input line 764.
Package zref Info: New property: default on input line 765.
Package zref Info: New property: page on input line 766.
)
\c@abspage=\count337
Package zref Info: New property: abspage on input line 66.
) (d:/Program/texlive/2022/texmf-dist/tex/latex/media9/pdfbase.sty (d:/Program/texlive/2022/texmf-dist/tex/latex/l3packages/l3keys2e/l3keys2e.sty (d:/Program/texlive/2022/texmf-dist/tex/latex/l3kernel/expl3.sty
Package: expl3 2022-02-24 L3 programming layer (loader) 
(d:/Program/texlive/2022/texmf-dist/tex/latex/l3backend/l3backend-xetex.def
File: l3backend-xetex.def 2022-02-07 L3 backend support: XeTeX
(|extractbb --version)
\c__kernel_sys_dvipdfmx_version_int=\count338
\l__color_backend_stack_int=\count339
\g__color_backend_stack_int=\count340
\g__graphics_track_int=\count341
\l__pdf_internal_box=\box78
\g__pdf_backend_object_int=\count342
\g__pdf_backend_annotation_int=\count343
\g__pdf_backend_link_int=\count344
))
Package: l3keys2e 2022-01-12 LaTeX2e option processing using LaTeX3 keys
)
Package: pdfbase 2022/03/18 v0.54 driver independent access to low-level PDF features
\g_pbs_page_int=\count345
\g_pbs_obj_int=\count346
\g_pbs_oc_int=\count347
) (d:/Program/texlive/2022/texmf-dist/tex/latex/ocgx2/ocgbase.sty
Package: ocgbase 2021/06/11 v0.20 support package for ocgx2.sty
\g_ocgbase_nd_int=\count348
)
\@anim@box=\box79
\@anim@measbox=\box80
\@anim@tmpdima=\dimen296
\@anim@tmpdimb=\dimen297
\@anim@num=\count349
\@anim@curframe=\count350
\@anim@curframe@zb=\count351
\@anim@resizeflags=\count352
\@anim@skipfram=\count353
\@anim@mulframecnt=\count354
\@anim@@tmlnfile=\read3
\@anim@tmpcnt=\count355
\c@@anim@ltxcnt=\count356
\@anim@curlayer=\count357
\@anim@lineno=\count358
\@anim@curfield=\count359
\@anim@@resizeflags=\count360
) (d:/Program/texlive/2022/texmf-dist/tex/latex/tools/bm.sty
Package: bm 2021/04/25 v1.2e Bold Symbol Support (DPC/FMi)
\symboldoperators=\mathgroup6
\symboldletters=\mathgroup7
\symboldsymbols=\mathgroup8
Package bm Info: No bold for \OMX/cmex/m/n, using \pmb.
Package bm Info: No bold for \U/msa/m/n, using \pmb.
Package bm Info: No bold for \U/msb/m/n, using \pmb.
LaTeX Font Info:    Redeclaring math alphabet \mathbf on input line 149.
) (d:/Program/texlive/2022/texmf-dist/tex/latex/graphics/epsfig.sty
Package: epsfig 2017/06/25 v1.7b (e)psfig emulation (SPQR)
\epsfxsize=\dimen298
\epsfysize=\dimen299
) (d:/Program/texlive/2022/texmf-dist/tex/latex/bbm-macros/bbm.sty
Package: bbm 1999/03/15 V 1.2 provides fonts for set symbols - TH
LaTeX Font Info:    Overwriting math alphabet `\mathbbm' in version `bold'
(Font)                  U/bbm/m/n --> U/bbm/bx/n on input line 33.
LaTeX Font Info:    Overwriting math alphabet `\mathbbmss' in version `bold'
(Font)                  U/bbmss/m/n --> U/bbmss/bx/n on input line 35.
) (d:/Program/texlive/2022/texmf-dist/tex/latex/capt-of/capt-of.sty
Package: capt-of 2009/12/29 v0.2 standard captions outside of floats
) (d:/Program/texlive/2022/texmf-dist/tex/latex/beamer/multimedia.sty
Package: multimedia 2012/05/02 ver 0.02
(d:/Program/texlive/2022/texmf-dist/tex/generic/iftex/ifpdf.sty
Package: ifpdf 2019/10/25 v3.4 ifpdf legacy package. Use iftex instead.
)
\mm@movie=\count361
) (d:/Program/texlive/2022/texmf-dist/tex/latex/ctex/ctex.sty
Package: ctex 2021/12/12 v2.5.8 Chinese adapter in LaTeX (CTEX)
(d:/Program/texlive/2022/texmf-dist/tex/latex/l3packages/xparse/xparse.sty
Package: xparse 2022-01-12 L3 Experimental document command parser
) (d:/Program/texlive/2022/texmf-dist/tex/latex/ctex/ctexhook.sty
Package: ctexhook 2021/12/12 v2.5.8 Document and package hooks (CTEX)
) (d:/Program/texlive/2022/texmf-dist/tex/latex/ctex/ctexpatch.sty
Package: ctexpatch 2021/12/12 v2.5.8 Patching commands (CTEX)
) (d:/Program/texlive/2022/texmf-dist/tex/latex/base/fix-cm.sty
Package: fix-cm 2020/11/24 v1.1t fixes to LaTeX
(d:/Program/texlive/2022/texmf-dist/tex/latex/base/ts1enc.def
File: ts1enc.def 2001/06/05 v3.0e (jk/car/fm) Standard LaTeX file
LaTeX Font Info:    Redeclaring font encoding TS1 on input line 47.
))
\l__ctex_tmp_int=\count362
\l__ctex_tmp_box=\box81
\l__ctex_tmp_dim=\dimen300
\g__ctex_section_depth_int=\count363
\g__ctex_font_size_int=\count364
(d:/Program/texlive/2022/texmf-dist/tex/latex/ctex/config/ctexopts.cfg
File: ctexopts.cfg 2021/12/12 v2.5.8 Option configuration file (CTEX)
) (d:/Program/texlive/2022/texmf-dist/tex/latex/ctex/engine/ctex-engine-xetex.def
File: ctex-engine-xetex.def 2021/12/12 v2.5.8 XeLaTeX adapter (CTEX)
(d:/Program/texlive/2022/texmf-dist/tex/xelatex/xecjk/xeCJK.sty
Package: xeCJK 2021/12/12 v3.8.8 Typesetting CJK scripts with XeLaTeX
(d:/Program/texlive/2022/texmf-dist/tex/latex/l3packages/xtemplate/xtemplate.sty
Package: xtemplate 2022-01-12 L3 Experimental prototype document functions
\l__xtemplate_tmp_dim=\dimen301
\l__xtemplate_tmp_int=\count365
\l__xtemplate_tmp_muskip=\muskip18
\l__xtemplate_tmp_skip=\skip70
)
\l__xeCJK_tmp_int=\count366
\l__xeCJK_tmp_box=\box82
\l__xeCJK_tmp_dim=\dimen302
\l__xeCJK_tmp_skip=\skip71
\g__xeCJK_space_factor_int=\count367
\l__xeCJK_begin_int=\count368
\l__xeCJK_end_int=\count369
\c__xeCJK_CJK_class_int=\XeTeXcharclass1
\c__xeCJK_FullLeft_class_int=\XeTeXcharclass2
\c__xeCJK_FullRight_class_int=\XeTeXcharclass3
\c__xeCJK_HalfLeft_class_int=\XeTeXcharclass4
\c__xeCJK_HalfRight_class_int=\XeTeXcharclass5
\c__xeCJK_NormalSpace_class_int=\XeTeXcharclass6
\c__xeCJK_CM_class_int=\XeTeXcharclass7
\c__xeCJK_HangulJamo_class_int=\XeTeXcharclass8
\l__xeCJK_last_skip=\skip72
\g__xeCJK_node_int=\count370
\c__xeCJK_CJK_node_dim=\dimen303
\c__xeCJK_CJK-space_node_dim=\dimen304
\c__xeCJK_default_node_dim=\dimen305
\c__xeCJK_default-space_node_dim=\dimen306
\c__xeCJK_CJK-widow_node_dim=\dimen307
\c__xeCJK_normalspace_node_dim=\dimen308
\l__xeCJK_ccglue_skip=\skip73
\l__xeCJK_ecglue_skip=\skip74
\l__xeCJK_punct_kern_skip=\skip75
\l__xeCJK_last_penalty_int=\count371
\l__xeCJK_last_bound_dim=\dimen309
\l__xeCJK_last_kern_dim=\dimen310
\l__xeCJK_widow_penalty_int=\count372

Package xtemplate Info: Declaring object type 'xeCJK/punctuation' taking 0
(xtemplate)             argument(s) on line 2337.

\l__xeCJK_fixed_punct_width_dim=\dimen311
\l__xeCJK_mixed_punct_width_dim=\dimen312
\l__xeCJK_middle_punct_width_dim=\dimen313
\l__xeCJK_fixed_margin_width_dim=\dimen314
\l__xeCJK_mixed_margin_width_dim=\dimen315
\l__xeCJK_middle_margin_width_dim=\dimen316
\l__xeCJK_bound_punct_width_dim=\dimen317
\l__xeCJK_bound_margin_width_dim=\dimen318
\l__xeCJK_margin_minimum_dim=\dimen319
\l__xeCJK_kerning_total_width_dim=\dimen320
\l__xeCJK_same_align_margin_dim=\dimen321
\l__xeCJK_different_align_margin_dim=\dimen322
\l__xeCJK_kerning_margin_width_dim=\dimen323
\l__xeCJK_kerning_margin_minimum_dim=\dimen324
\l__xeCJK_bound_dim=\dimen325
\l__xeCJK_reverse_bound_dim=\dimen326
\l__xeCJK_margin_dim=\dimen327
\l__xeCJK_minimum_bound_dim=\dimen328
\l__xeCJK_kerning_margin_dim=\dimen329
\g__xeCJK_family_int=\count373
\l__xeCJK_fam_int=\count374
\g__xeCJK_fam_allocation_int=\count375
\l__xeCJK_verb_case_int=\count376
\l__xeCJK_verb_exspace_skip=\skip76
(d:/Program/texlive/2022/texmf-dist/tex/latex/fontspec/fontspec.sty
Package: fontspec 2022/01/15 v2.8a Font selection for XeLaTeX and LuaLaTeX
(d:/Program/texlive/2022/texmf-dist/tex/latex/fontspec/fontspec-xetex.sty
Package: fontspec-xetex 2022/01/15 v2.8a Font selection for XeLaTeX and LuaLaTeX
\l__fontspec_script_int=\count377
\l__fontspec_language_int=\count378
\l__fontspec_strnum_int=\count379
\l__fontspec_tmp_int=\count380
\l__fontspec_tmpa_int=\count381
\l__fontspec_tmpb_int=\count382
\l__fontspec_tmpc_int=\count383
\l__fontspec_em_int=\count384
\l__fontspec_emdef_int=\count385
\l__fontspec_strong_int=\count386
\l__fontspec_strongdef_int=\count387
\l__fontspec_tmpa_dim=\dimen330
\l__fontspec_tmpb_dim=\dimen331
\l__fontspec_tmpc_dim=\dimen332
(d:/Program/texlive/2022/texmf-dist/tex/latex/base/fontenc.sty
Package: fontenc 2021/04/29 v2.0v Standard LaTeX package
) (d:/Program/texlive/2022/texmf-dist/tex/latex/fontspec/fontspec.cfg))) (d:/Program/texlive/2022/texmf-dist/tex/xelatex/xecjk/xeCJK.cfg
File: xeCJK.cfg 2021/12/12 v3.8.8 Configuration file for xeCJK package
))
\ccwd=\dimen333
\l__ctex_ccglue_skip=\skip77
)
\l__ctex_ziju_dim=\dimen334
(d:/Program/texlive/2022/texmf-dist/tex/latex/zhnumber/zhnumber.sty
Package: zhnumber 2020/05/01 v2.8 Typesetting numbers with Chinese glyphs
\l__zhnum_scale_int=\count388
(d:/Program/texlive/2022/texmf-dist/tex/latex/zhnumber/zhnumber-utf8.cfg
File: zhnumber-utf8.cfg 2020/05/01 v2.8 Chinese numerals with UTF8 encoding
)) (d:/Program/texlive/2022/texmf-dist/tex/latex/ctex/scheme/ctex-scheme-chinese.def
File: ctex-scheme-chinese.def 2021/12/12 v2.5.8 Chinese scheme for generic (CTEX)
(d:/Program/texlive/2022/texmf-dist/tex/latex/ctex/config/ctex-name-utf8.cfg
File: ctex-name-utf8.cfg 2021/12/12 v2.5.8 Caption with encoding UTF-8 (CTEX)
)) (d:/Program/texlive/2022/texmf-dist/tex/latex/ctex/fontset/ctex-fontset-windows.def
File: ctex-fontset-windows.def 2021/12/12 v2.5.8 Windows fonts definition (CTEX)

Package fontspec Info: Could not resolve font "KaiTi/B" (it probably doesn't
(fontspec)             exist).


Package fontspec Info: Could not resolve font "SimHei/I" (it probably doesn't
(fontspec)             exist).


Package fontspec Info: Could not resolve font "SimSun/BI" (it probably doesn't
(fontspec)             exist).


Package fontspec Info: Font family 'SimSun(0)' created for font 'SimSun' with
(fontspec)             options
(fontspec)             [Script={CJK},BoldFont={SimHei},ItalicFont={KaiTi}].
(fontspec)              
(fontspec)              This font family consists of the following NFSS
(fontspec)             series/shapes:
(fontspec)              
(fontspec)             - 'normal' (m/n) with NFSS spec.:
(fontspec)             <->"SimSun/OT:script=hani;language=dflt;"
(fontspec)             - 'small caps'  (m/sc) with NFSS spec.: 
(fontspec)             - 'bold' (b/n) with NFSS spec.:
(fontspec)             <->"SimHei/OT:script=hani;language=dflt;"
(fontspec)             - 'bold small caps'  (b/sc) with NFSS spec.: 
(fontspec)             - 'italic' (m/it) with NFSS spec.:
(fontspec)             <->"KaiTi/OT:script=hani;language=dflt;"
(fontspec)             - 'italic small caps'  (m/scit) with NFSS spec.: 

)) (d:/Program/texlive/2022/texmf-dist/tex/latex/ctex/config/ctex.cfg
File: ctex.cfg 2021/12/12 v2.5.8 Configuration file (CTEX)
)

Package xeCJK Warning: Redefining CJKfamily `\CJKrmdefault' (SimSun(0)).


Package fontspec Info: Could not resolve font "SimHei/BI" (it probably doesn't
(fontspec)             exist).


Package fontspec Info: Could not resolve font "SimHei/B" (it probably doesn't
(fontspec)             exist).


Package fontspec Info: Could not resolve font "SimHei/I" (it probably doesn't
(fontspec)             exist).


Package fontspec Info: Font family 'SimHei(0)' created for font 'SimHei' with
(fontspec)             options [Script={CJK}].
(fontspec)              
(fontspec)              This font family consists of the following NFSS
(fontspec)             series/shapes:
(fontspec)              
(fontspec)             - 'normal' (m/n) with NFSS spec.:
(fontspec)             <->"SimHei/OT:script=hani;language=dflt;"
(fontspec)             - 'small caps'  (m/sc) with NFSS spec.: 

(d:/Program/texlive/2022/texmf-dist/tex/latex/beamer/beamerthemeBerlin.sty (d:/Program/texlive/2022/texmf-dist/tex/latex/beamer/beamerouterthememiniframes.sty) (d:/Program/texlive/2022/texmf-dist/tex/latex/beamer/beamercolorthemewhale.sty) (d:/Program/texlive/2022/texmf-dist/tex/latex/beamer/beamercolorthemeorchid.sty) (d:/Program/texlive/2022/texmf-dist/tex/latex/beamer/beamerinnerthemerectangles.sty)) (./beamercolorthemesustech.sty) (d:/Program/texlive/2022/texmf-dist/tex/latex/algorithm2e/algorithm2e.sty
Invalid UTF-8 byte or sequence at line 284 replaced by U+FFFD.
Invalid UTF-8 byte or sequence at line 299 replaced by U+FFFD.
Invalid UTF-8 byte or sequence at line 550 replaced by U+FFFD.
Package: algorithm2e 2017/07/18 v5.2 algorithms environments
\c@AlgoLine=\count389
\algocf@hangindent=\skip78
(d:/Program/texlive/2022/texmf-dist/tex/latex/ifoddpage/ifoddpage.sty
Package: ifoddpage 2016/04/23 v1.1 Conditionals for odd/even page detection
\c@checkoddpage=\count390
) (d:/Program/texlive/2022/texmf-dist/tex/latex/tools/xspace.sty
Package: xspace 2014/10/28 v1.13 Space after command names (DPC,MH)
) (d:/Program/texlive/2022/texmf-dist/tex/latex/relsize/relsize.sty
Package: relsize 2013/03/29 ver 4.1
)
\skiptotal=\skip79
\skiplinenumber=\skip80
\skiprule=\skip81
\skiphlne=\skip82
\skiptext=\skip83
\skiplength=\skip84
\algomargin=\skip85
\skipalgocfslide=\skip86
\algowidth=\dimen335
\inoutsize=\dimen336
\inoutindent=\dimen337
\interspacetitleruled=\dimen338
\interspacealgoruled=\dimen339
\interspacetitleboxruled=\dimen340
\algocf@ruledwidth=\skip87
\algocf@inoutbox=\box83
\algocf@inputbox=\box84
\AlCapSkip=\skip88
\AlCapHSkip=\skip89
\algoskipindent=\skip90
\algocf@nlbox=\box85
\algocf@hangingbox=\box86
\algocf@untilbox=\box87
\algocf@skipuntil=\skip91
\algocf@capbox=\box88
\algocf@lcaptionbox=\skip92
\algoheightruledefault=\skip93
\algoheightrule=\skip94
\algotitleheightruledefault=\skip95
\algotitleheightrule=\skip96
\c@algocfline=\count391
\c@algocfproc=\count392
\c@algocf=\count393
\algocf@algoframe=\box89
\algocf@algobox=\box90
) (d:/Program/texlive/2022/texmf-dist/tex/latex/fancybox/fancybox.sty
Package: fancybox 2010/05/15 1.4
Style option: `fancybox' v1.4 <2010/05/15> (tvz)
\@fancybox=\box91
\shadowsize=\dimen341
\@Sbox=\box92
\do@VerbBox=\toks49
\the@fancyput=\toks50
\this@fancyput=\toks51
\EndVerbatimTokens=\toks52
\Verbatim@Outfile=\write5
\Verbatim@Infile=\read4
) (d:/Program/texlive/2022/texmf-dist/tex/latex/psnfss/times.sty
Package: times 2020/03/25 PSNFSS-v9.3 (SPQR) 
) (d:/Program/texlive/2022/texmf-dist/tex/latex/listings/listings.sty
\lst@mode=\count394
\lst@gtempboxa=\box93
\lst@token=\toks53
\lst@length=\count395
\lst@currlwidth=\dimen342
\lst@column=\count396
\lst@pos=\count397
\lst@lostspace=\dimen343
\lst@width=\dimen344
\lst@newlines=\count398
\lst@lineno=\count399
\lst@maxwidth=\dimen345
(d:/Program/texlive/2022/texmf-dist/tex/latex/listings/lstmisc.sty
File: lstmisc.sty 2020/03/24 1.8d (Carsten Heinz)
\c@lstnumber=\count400
\lst@skipnumbers=\count401
\lst@framebox=\box94
) (d:/Program/texlive/2022/texmf-dist/tex/latex/listings/listings.cfg
File: listings.cfg 2020/03/24 1.8d listings configuration
))
Package: listings 2020/03/24 1.8d (Carsten Heinz)
(d:/Program/texlive/2022/texmf-dist/tex/xelatex/xecjk/xeCJK-listings.sty
Package: xeCJK-listings 2021/12/12 v3.8.8 xeCJK patch file for listings
\l__xeCJK_listings_max_char_int=\count402
\l__xeCJK_listings_flag_int=\count403
) (d:/Program/texlive/2022/texmf-dist/tex/latex/booktabs/booktabs.sty
Package: booktabs 2020/01/12 v1.61803398 Publication quality tables
\heavyrulewidth=\dimen346
\lightrulewidth=\dimen347
\cmidrulewidth=\dimen348
\belowrulesep=\dimen349
\belowbottomsep=\dimen350
\aboverulesep=\dimen351
\abovetopsep=\dimen352
\cmidrulesep=\dimen353
\cmidrulekern=\dimen354
\defaultaddspace=\dimen355
\@cmidla=\count404
\@cmidlb=\count405
\@aboverulesep=\dimen356
\@belowrulesep=\dimen357
\@thisruleclass=\count406
\@lastruleclass=\count407
\@thisrulewidth=\dimen358
) (d:/Program/texlive/2022/texmf-dist/tex/latex/tools/multicol.sty
Package: multicol 2021/10/28 v1.9b multicolumn formatting (FMi)
\c@tracingmulticols=\count408
\mult@box=\box95
\multicol@leftmargin=\dimen359
\c@unbalance=\count409
\c@collectmore=\count410
\doublecol@number=\count411
\multicoltolerance=\count412
\multicolpretolerance=\count413
\full@width=\dimen360
\page@free=\dimen361
\premulticols=\dimen362
\postmulticols=\dimen363
\multicolsep=\skip97
\multicolbaselineskip=\skip98
\partial@page=\box96
\last@line=\box97
\maxbalancingoverflow=\dimen364
\mult@rightbox=\box98
\mult@grightbox=\box99
\mult@firstbox=\box100
\mult@gfirstbox=\box101
\@tempa=\box102
\@tempa=\box103
\@tempa=\box104
\@tempa=\box105
\@tempa=\box106
\@tempa=\box107
\@tempa=\box108
\@tempa=\box109
\@tempa=\box110
\@tempa=\box111
\@tempa=\box112
\@tempa=\box113
\@tempa=\box114
\@tempa=\box115
\@tempa=\box116
\@tempa=\box117
\@tempa=\box118
\@tempa=\box119
\@tempa=\box120
\@tempa=\box121
\@tempa=\box122
\@tempa=\box123
\@tempa=\box124
\@tempa=\box125
\@tempa=\box126
\@tempa=\box127
\@tempa=\box128
\@tempa=\box129
\@tempa=\box130
\@tempa=\box131
\@tempa=\box132
\@tempa=\box133
\@tempa=\box134
\@tempa=\box135
\@tempa=\box136
\@tempa=\box137
\c@minrows=\count414
\c@columnbadness=\count415
\c@finalcolumnbadness=\count416
\last@try=\dimen365
\multicolovershoot=\dimen366
\multicolundershoot=\dimen367
\mult@nat@firstbox=\box138
\colbreak@box=\box139
\mc@col@check@num=\count417
) (d:/Program/texlive/2022/texmf-dist/tex/latex/pgf/frontendlayer/tikz.sty (d:/Program/texlive/2022/texmf-dist/tex/latex/pgf/basiclayer/pgf.sty
Package: pgf 2021/05/15 v3.1.9a (3.1.9a)
(d:/Program/texlive/2022/texmf-dist/tex/generic/pgf/modules/pgfmoduleshapes.code.tex
File: pgfmoduleshapes.code.tex 2021/05/15 v3.1.9a (3.1.9a)
\pgfnodeparttextbox=\box140
) (d:/Program/texlive/2022/texmf-dist/tex/generic/pgf/modules/pgfmoduleplot.code.tex
File: pgfmoduleplot.code.tex 2021/05/15 v3.1.9a (3.1.9a)
) (d:/Program/texlive/2022/texmf-dist/tex/latex/pgf/compatibility/pgfcomp-version-0-65.sty
Package: pgfcomp-version-0-65 2021/05/15 v3.1.9a (3.1.9a)
\pgf@nodesepstart=\dimen368
\pgf@nodesepend=\dimen369
) (d:/Program/texlive/2022/texmf-dist/tex/latex/pgf/compatibility/pgfcomp-version-1-18.sty
Package: pgfcomp-version-1-18 2021/05/15 v3.1.9a (3.1.9a)
)) (d:/Program/texlive/2022/texmf-dist/tex/latex/pgf/utilities/pgffor.sty (d:/Program/texlive/2022/texmf-dist/tex/generic/pgf/utilities/pgffor.code.tex
Package: pgffor 2021/05/15 v3.1.9a (3.1.9a)
(d:/Program/texlive/2022/texmf-dist/tex/generic/pgf/math/pgfmath.code.tex)
\pgffor@iter=\dimen370
\pgffor@skip=\dimen371
\pgffor@stack=\toks54
\pgffor@toks=\toks55
)) (d:/Program/texlive/2022/texmf-dist/tex/generic/pgf/frontendlayer/tikz/tikz.code.tex
Package: tikz 2021/05/15 v3.1.9a (3.1.9a)
(d:/Program/texlive/2022/texmf-dist/tex/generic/pgf/libraries/pgflibraryplothandlers.code.tex
File: pgflibraryplothandlers.code.tex 2021/05/15 v3.1.9a (3.1.9a)
\pgf@plot@mark@count=\count418
\pgfplotmarksize=\dimen372
)
\tikz@lastx=\dimen373
\tikz@lasty=\dimen374
\tikz@lastxsaved=\dimen375
\tikz@lastysaved=\dimen376
\tikz@lastmovetox=\dimen377
\tikz@lastmovetoy=\dimen378
\tikzleveldistance=\dimen379
\tikzsiblingdistance=\dimen380
\tikz@figbox=\box141
\tikz@figbox@bg=\box142
\tikz@tempbox=\box143
\tikz@tempbox@bg=\box144
\tikztreelevel=\count419
\tikznumberofchildren=\count420
\tikznumberofcurrentchild=\count421
\tikz@fig@count=\count422
(d:/Program/texlive/2022/texmf-dist/tex/generic/pgf/modules/pgfmodulematrix.code.tex
File: pgfmodulematrix.code.tex 2021/05/15 v3.1.9a (3.1.9a)
\pgfmatrixcurrentrow=\count423
\pgfmatrixcurrentcolumn=\count424
\pgf@matrix@numberofcolumns=\count425
)
\tikz@expandcount=\count426
(d:/Program/texlive/2022/texmf-dist/tex/generic/pgf/frontendlayer/tikz/libraries/tikzlibrarytopaths.code.tex
File: tikzlibrarytopaths.code.tex 2021/05/15 v3.1.9a (3.1.9a)
))) (d:/Program/texlive/2022/texmf-dist/tex/generic/pgf/frontendlayer/tikz/libraries/tikzlibrarycalc.code.tex
File: tikzlibrarycalc.code.tex 2021/05/15 v3.1.9a (3.1.9a)
) (d:/Program/texlive/2022/texmf-dist/tex/generic/pgf/frontendlayer/tikz/libraries/tikzlibraryintersections.code.tex (d:/Program/texlive/2022/texmf-dist/tex/generic/pgf/libraries/pgflibraryintersections.code.tex (d:/Program/texlive/2022/texmf-dist/tex/generic/pgf/libraries/pgflibraryfpu.code.tex)
\pgf@intersect@solutions=\count427
)) (d:/Program/texlive/2022/texmf-dist/tex/generic/pgf/frontendlayer/tikz/libraries/tikzlibrarythrough.code.tex
File: tikzlibrarythrough.code.tex 2021/05/15 v3.1.9a (3.1.9a)
) (d:/Program/texlive/2022/texmf-dist/tex/generic/pgf/frontendlayer/tikz/libraries/tikzlibrarydecorations.pathreplacing.code.tex (d:/Program/texlive/2022/texmf-dist/tex/generic/pgf/frontendlayer/tikz/libraries/tikzlibrarydecorations.code.tex (d:/Program/texlive/2022/texmf-dist/tex/generic/pgf/modules/pgfmoduledecorations.code.tex
\pgfdecoratedcompleteddistance=\dimen381
\pgfdecoratedremainingdistance=\dimen382
\pgfdecoratedinputsegmentcompleteddistance=\dimen383
\pgfdecoratedinputsegmentremainingdistance=\dimen384
\pgf@decorate@distancetomove=\dimen385
\pgf@decorate@repeatstate=\count428
\pgfdecorationsegmentamplitude=\dimen386
\pgfdecorationsegmentlength=\dimen387
)
\tikz@lib@dec@box=\box145
) (d:/Program/texlive/2022/texmf-dist/tex/generic/pgf/libraries/decorations/pgflibrarydecorations.pathreplacing.code.tex))

Package fontspec Info: Could not resolve font "Microsoft YaHei/I" (it probably
(fontspec)             doesn't exist).


Package fontspec Info: Font family 'MicrosoftYaHei(0)' created for font
(fontspec)             'Microsoft YaHei' with options [Ligatures=TeX].
(fontspec)              
(fontspec)              This font family consists of the following NFSS
(fontspec)             series/shapes:
(fontspec)              
(fontspec)             - 'normal' (m/n) with NFSS spec.: <->"Microsoft
(fontspec)             YaHei/OT:script=latn;language=dflt;mapping=tex-text;"
(fontspec)             - 'small caps'  (m/sc) with NFSS spec.: 
(fontspec)             - 'bold' (b/n) with NFSS spec.: <->"Microsoft
(fontspec)             YaHei/B/OT:script=latn;language=dflt;mapping=tex-text;"
(fontspec)             - 'bold small caps'  (b/sc) with NFSS spec.: 
(fontspec)             - 'bold italic' (b/it) with NFSS spec.: <->"Microsoft
(fontspec)             YaHei/BI/OT:script=latn;language=dflt;mapping=tex-text;"
(fontspec)             - 'bold italic small caps'  (b/scit) with NFSS spec.: 


Package fontspec Info: Font family 'TimesNewRoman(0)' created for font 'Times
(fontspec)             New Roman' with options [Ligatures=TeX].
(fontspec)              
(fontspec)              This font family consists of the following NFSS
(fontspec)             series/shapes:
(fontspec)              
(fontspec)             - 'normal' (m/n) with NFSS spec.: <->"Times New
(fontspec)             Roman/OT:script=latn;language=dflt;mapping=tex-text;"
(fontspec)             - 'small caps'  (m/sc) with NFSS spec.: <->"Times New
(fontspec)             Roman/OT:script=latn;language=dflt;+smcp;mapping=tex-text;"
(fontspec)             - 'bold' (b/n) with NFSS spec.: <->"Times New
(fontspec)             Roman/B/OT:script=latn;language=dflt;mapping=tex-text;"
(fontspec)             - 'bold small caps'  (b/sc) with NFSS spec.: <->"Times
(fontspec)             New
(fontspec)             Roman/B/OT:script=latn;language=dflt;+smcp;mapping=tex-text;"
(fontspec)             - 'italic' (m/it) with NFSS spec.: <->"Times New
(fontspec)             Roman/I/OT:script=latn;language=dflt;mapping=tex-text;"
(fontspec)             - 'italic small caps'  (m/scit) with NFSS spec.:
(fontspec)             <->"Times New
(fontspec)             Roman/I/OT:script=latn;language=dflt;+smcp;mapping=tex-text;"
(fontspec)             - 'bold italic' (b/it) with NFSS spec.: <->"Times New
(fontspec)             Roman/BI/OT:script=latn;language=dflt;mapping=tex-text;"
(fontspec)             - 'bold italic small caps'  (b/scit) with NFSS spec.:
(fontspec)             <->"Times New
(fontspec)             Roman/BI/OT:script=latn;language=dflt;+smcp;mapping=tex-text;"


Package hyperref Warning: Token not allowed in a PDF string (Unicode):
(hyperref)                removing `\newline' on input line 47.


Package hyperref Warning: Token not allowed in a PDF string (Unicode):
(hyperref)                removing `\newline' on input line 47.


Package hyperref Warning: Token not allowed in a PDF string (Unicode):
(hyperref)                \hskip 10.0pt
(hyperref)                replaced by space on input line 63.


Package hyperref Warning: Token not allowed in a PDF string (Unicode):
(hyperref)                \hskip 10.0pt
(hyperref)                replaced by space on input line 63.


Package fontspec Info: Could not resolve font "Microsoft YaHei Bold/I" (it
(fontspec)             probably doesn't exist).


Package fontspec Info: Could not resolve font "Microsoft YaHei/I" (it probably
(fontspec)             doesn't exist).


Package fontspec Info: Font family 'MicrosoftYaHei(1)' created for font
(fontspec)             'Microsoft YaHei' with options
(fontspec)             [Script={CJK},BoldFont={* Bold}].
(fontspec)              
(fontspec)              This font family consists of the following NFSS
(fontspec)             series/shapes:
(fontspec)              
(fontspec)             - 'normal' (m/n) with NFSS spec.: <->"Microsoft
(fontspec)             YaHei/OT:script=hani;language=dflt;"
(fontspec)             - 'small caps'  (m/sc) with NFSS spec.: 
(fontspec)             - 'bold' (b/n) with NFSS spec.: <->"Microsoft YaHei
(fontspec)             Bold/OT:script=hani;language=dflt;"
(fontspec)             - 'bold small caps'  (b/sc) with NFSS spec.: 
(fontspec)             - 'bold italic' (b/it) with NFSS spec.: <->"Microsoft
(fontspec)             YaHei/BI/OT:script=hani;language=dflt;"
(fontspec)             - 'bold italic small caps'  (b/scit) with NFSS spec.: 

(./slides.aux)
\openout1 = `slides.aux'.

LaTeX Font Info:    Checking defaults for OML/cmm/m/it on input line 63.
LaTeX Font Info:    ... okay on input line 63.
LaTeX Font Info:    Checking defaults for OMS/cmsy/m/n on input line 63.
LaTeX Font Info:    ... okay on input line 63.
LaTeX Font Info:    Checking defaults for OT1/cmr/m/n on input line 63.
LaTeX Font Info:    ... okay on input line 63.
LaTeX Font Info:    Checking defaults for T1/cmr/m/n on input line 63.
LaTeX Font Info:    ... okay on input line 63.
LaTeX Font Info:    Checking defaults for TS1/cmr/m/n on input line 63.
LaTeX Font Info:    ... okay on input line 63.
LaTeX Font Info:    Checking defaults for TU/lmr/m/n on input line 63.
LaTeX Font Info:    ... okay on input line 63.
LaTeX Font Info:    Checking defaults for OMX/cmex/m/n on input line 63.
LaTeX Font Info:    ... okay on input line 63.
LaTeX Font Info:    Checking defaults for U/cmr/m/n on input line 63.
LaTeX Font Info:    ... okay on input line 63.
LaTeX Font Info:    Checking defaults for PD1/pdf/m/n on input line 63.
LaTeX Font Info:    ... okay on input line 63.
LaTeX Font Info:    Checking defaults for PU/pdf/m/n on input line 63.
LaTeX Font Info:    ... okay on input line 63.
*geometry* driver: auto-detecting
*geometry* detected driver: xetex
*geometry* verbose mode - [ preamble ] result:
* driver: xetex
* paper: custom
* layout: <same size as paper>
* layoutoffset:(h,v)=(0.0pt,0.0pt)
* modes: includehead includefoot 
* h-part:(L,W,R)=(28.45274pt, 307.28987pt, 28.45274pt)
* v-part:(T,H,B)=(0.0pt, 273.14662pt, 0.0pt)
* \paperwidth=364.19536pt
* \paperheight=273.14662pt
* \textwidth=307.28987pt
* \textheight=244.6939pt
* \oddsidemargin=-43.81725pt
* \evensidemargin=-43.81725pt
* \topmargin=-72.26999pt
* \headheight=14.22636pt
* \headsep=0.0pt
* \topskip=10.0pt
* \footskip=14.22636pt
* \marginparwidth=3.0pt
* \marginparsep=11.0pt
* \columnsep=10.0pt
* \skip\footins=9.0pt plus 4.0pt minus 2.0pt
* \hoffset=0.0pt
* \voffset=0.0pt
* \mag=1000
* \@twocolumnfalse
* \@twosidefalse
* \@mparswitchfalse
* \@reversemarginfalse
* (1in=72.27pt=25.4mm, 1cm=28.453pt)

Package hyperref Info: Link coloring OFF on input line 63.
(d:/Program/texlive/2022/texmf-dist/tex/latex/hyperref/nameref.sty
Package: nameref 2021-04-02 v2.47 Cross-referencing by name of section
(d:/Program/texlive/2022/texmf-dist/tex/latex/refcount/refcount.sty
Package: refcount 2019/12/15 v3.6 Data extraction from label references (HO)
) (d:/Program/texlive/2022/texmf-dist/tex/generic/gettitlestring/gettitlestring.sty
Package: gettitlestring 2019/12/15 v1.6 Cleanup title references (HO)
)
\c@section@level=\count429
)
LaTeX Info: Redefining \ref on input line 63.
LaTeX Info: Redefining \pageref on input line 63.
LaTeX Info: Redefining \nameref on input line 63.
(./slides.out) (./slides.out)
\@outlinefile=\write6
\openout6 = `slides.out'.

\symnumbers=\mathgroup9
\sympureletters=\mathgroup10
LaTeX Font Info:    Overwriting math alphabet `\mathrm' in version `normal'
(Font)                  OT1/cmr/m/n --> TU/TimesNewRoman(0)/m/n on input line 63.
LaTeX Font Info:    Redeclaring math alphabet \mathbf on input line 63.
LaTeX Font Info:    Redeclaring math alphabet \mathsf on input line 63.
LaTeX Font Info:    Overwriting math alphabet `\mathsf' in version `normal'
(Font)                  OT1/cmss/m/n --> TU/MicrosoftYaHei(0)/m/n on input line 63.
LaTeX Font Info:    Overwriting math alphabet `\mathsf' in version `bold'
(Font)                  OT1/cmss/bx/n --> TU/MicrosoftYaHei(0)/m/n on input line 63.
LaTeX Font Info:    Redeclaring math alphabet \mathit on input line 63.
LaTeX Font Info:    Overwriting math alphabet `\mathit' in version `normal'
(Font)                  OT1/cmr/m/it --> TU/TimesNewRoman(0)/m/it on input line 63.
LaTeX Font Info:    Overwriting math alphabet `\mathit' in version `bold'
(Font)                  OT1/cmr/bx/it --> TU/TimesNewRoman(0)/m/it on input line 63.
LaTeX Font Info:    Redeclaring math alphabet \mathtt on input line 63.
LaTeX Font Info:    Overwriting math alphabet `\mathtt' in version `normal'
(Font)                  OT1/cmtt/m/n --> TU/pcr/m/n on input line 63.
LaTeX Font Info:    Overwriting math alphabet `\mathtt' in version `bold'
(Font)                  OT1/cmtt/m/n --> TU/pcr/m/n on input line 63.
LaTeX Font Info:    Overwriting symbol font `numbers' in version `bold'
(Font)                  TU/TimesNewRoman(0)/m/n --> TU/TimesNewRoman(0)/b/n on input line 63.
LaTeX Font Info:    Overwriting symbol font `pureletters' in version `bold'
(Font)                  TU/TimesNewRoman(0)/m/it --> TU/TimesNewRoman(0)/b/it on input line 63.
LaTeX Font Info:    Overwriting math alphabet `\mathrm' in version `bold'
(Font)                  OT1/cmr/bx/n --> TU/TimesNewRoman(0)/b/n on input line 63.
LaTeX Font Info:    Overwriting math alphabet `\mathbf' in version `bold'
(Font)                  TU/TimesNewRoman(0)/b/n --> TU/TimesNewRoman(0)/b/n on input line 63.
LaTeX Font Info:    Overwriting math alphabet `\mathsf' in version `bold'
(Font)                  TU/MicrosoftYaHei(0)/m/n --> TU/MicrosoftYaHei(0)/b/n on input line 63.
LaTeX Font Info:    Overwriting math alphabet `\mathit' in version `bold'
(Font)                  TU/TimesNewRoman(0)/m/it --> TU/TimesNewRoman(0)/b/it on input line 63.
LaTeX Font Info:    Overwriting math alphabet `\mathtt' in version `bold'
(Font)                  TU/pcr/m/n --> TU/pcr/b/n on input line 63.
(d:/Program/texlive/2022/texmf-dist/tex/latex/translator/translator-basic-dictionary-English.dict
Dictionary: translator-basic-dictionary, Language: English 
) (d:/Program/texlive/2022/texmf-dist/tex/latex/translator/translator-bibliography-dictionary-English.dict
Dictionary: translator-bibliography-dictionary, Language: English 
) (d:/Program/texlive/2022/texmf-dist/tex/latex/translator/translator-environment-dictionary-English.dict
Dictionary: translator-environment-dictionary, Language: English 
) (d:/Program/texlive/2022/texmf-dist/tex/latex/translator/translator-months-dictionary-English.dict
Dictionary: translator-months-dictionary, Language: English 
) (d:/Program/texlive/2022/texmf-dist/tex/latex/translator/translator-numbers-dictionary-English.dict
Dictionary: translator-numbers-dictionary, Language: English 
) (d:/Program/texlive/2022/texmf-dist/tex/latex/translator/translator-theorem-dictionary-English.dict
Dictionary: translator-theorem-dictionary, Language: English 
) (d:/Program/texlive/2022/texmf-dist/tex/latex/ctex/dictionary/translator-theorem-dictionary-ChineseUTF8.dict
Dictionary: translator-theorem-dictionary, Language: ChineseUTF8 2021/12/12 v2.5.8 Chinese translation for theorem name (CTEX)
)

Package fontspec Info: Adjusting the maths setup (use [no-math] to avoid
(fontspec)             this).

\symlegacymaths=\mathgroup11
LaTeX Font Info:    Overwriting symbol font `legacymaths' in version `bold'
(Font)                  OT1/cmr/m/n --> OT1/cmr/bx/n on input line 63.
LaTeX Font Info:    Redeclaring math accent \acute on input line 63.
LaTeX Font Info:    Redeclaring math accent \grave on input line 63.
LaTeX Font Info:    Redeclaring math accent \ddot on input line 63.
LaTeX Font Info:    Redeclaring math accent \tilde on input line 63.
LaTeX Font Info:    Redeclaring math accent \bar on input line 63.
LaTeX Font Info:    Redeclaring math accent \breve on input line 63.
LaTeX Font Info:    Redeclaring math accent \check on input line 63.
LaTeX Font Info:    Redeclaring math accent \hat on input line 63.
LaTeX Font Info:    Redeclaring math accent \dot on input line 63.
LaTeX Font Info:    Redeclaring math accent \mathring on input line 63.
LaTeX Font Info:    Redeclaring math symbol \Gamma on input line 63.
LaTeX Font Info:    Redeclaring math symbol \Delta on input line 63.
LaTeX Font Info:    Redeclaring math symbol \Theta on input line 63.
LaTeX Font Info:    Redeclaring math symbol \Lambda on input line 63.
LaTeX Font Info:    Redeclaring math symbol \Xi on input line 63.
LaTeX Font Info:    Redeclaring math symbol \Pi on input line 63.
LaTeX Font Info:    Redeclaring math symbol \Sigma on input line 63.
LaTeX Font Info:    Redeclaring math symbol \Upsilon on input line 63.
LaTeX Font Info:    Redeclaring math symbol \Phi on input line 63.
LaTeX Font Info:    Redeclaring math symbol \Psi on input line 63.
LaTeX Font Info:    Redeclaring math symbol \Omega on input line 63.
LaTeX Font Info:    Redeclaring math symbol \mathdollar on input line 63.
LaTeX Font Info:    Redeclaring symbol font `operators' on input line 63.
LaTeX Font Info:    Encoding `OT1' has changed to `TU' for symbol font
(Font)              `operators' in the math version `normal' on input line 63.
LaTeX Font Info:    Overwriting symbol font `operators' in version `normal'
(Font)                  OT1/cmr/m/n --> TU/TimesNewRoman(0)/m/n on input line 63.
LaTeX Font Info:    Encoding `OT1' has changed to `TU' for symbol font
(Font)              `operators' in the math version `bold' on input line 63.
LaTeX Font Info:    Overwriting symbol font `operators' in version `bold'
(Font)                  OT1/cmr/bx/n --> TU/TimesNewRoman(0)/m/n on input line 63.
LaTeX Font Info:    Overwriting symbol font `operators' in version `normal'
(Font)                  TU/TimesNewRoman(0)/m/n --> TU/TimesNewRoman(0)/m/n on input line 63.
LaTeX Font Info:    Redeclaring math alphabet \mathrm on input line 63.
LaTeX Font Info:    Overwriting math alphabet `\mathit' in version `normal'
(Font)                  TU/TimesNewRoman(0)/m/it --> TU/TimesNewRoman(0)/m/it on input line 63.
LaTeX Font Info:    Overwriting math alphabet `\mathbf' in version `normal'
(Font)                  TU/TimesNewRoman(0)/b/n --> TU/TimesNewRoman(0)/b/n on input line 63.
LaTeX Font Info:    Overwriting math alphabet `\mathsf' in version `normal'
(Font)                  TU/MicrosoftYaHei(0)/m/n --> TU/MicrosoftYaHei(0)/m/n on input line 63.
LaTeX Font Info:    Overwriting math alphabet `\mathtt' in version `normal'
(Font)                  TU/pcr/m/n --> TU/pcr/m/n on input line 63.
LaTeX Font Info:    Overwriting symbol font `operators' in version `bold'
(Font)                  TU/TimesNewRoman(0)/m/n --> TU/TimesNewRoman(0)/b/n on input line 63.
LaTeX Font Info:    Overwriting math alphabet `\mathit' in version `bold'
(Font)                  TU/TimesNewRoman(0)/b/it --> TU/TimesNewRoman(0)/b/it on input line 63.
LaTeX Font Info:    Overwriting math alphabet `\mathsf' in version `bold'
(Font)                  TU/MicrosoftYaHei(0)/b/n --> TU/MicrosoftYaHei(0)/b/n on input line 63.
LaTeX Font Info:    Overwriting math alphabet `\mathtt' in version `bold'
(Font)                  TU/pcr/b/n --> TU/pcr/b/n on input line 63.
\c@lstlisting=\count430
(./slides.nav)
Overfull \hbox (53.24695pt too wide) detected at line 63
  [] [][] [][][][] [][][][] [][][][][][] [][][][][][][][] [][][][]  
 []

File: ./fig/logo.png Graphic file (type bmp)
<./fig/logo.png>

Overfull \hbox (53.24695pt too wide) has occurred while \output is active
  [] [][] [][][][] [][][][] [][][][][][] [][][][][][][][] [][][][]  
 []

[1

] (./slides.toc)
File: ./fig/logo.png Graphic file (type bmp)
<./fig/logo.png>

Overfull \hbox (53.24695pt too wide) has occurred while \output is active
  [] [][] [][][][] [][][][] [][][][][][] [][][][][][][][] [][][][]  
 []

[2

] (./slides.toc)
File: ./fig/logo.png Graphic file (type bmp)
<./fig/logo.png>

Overfull \hbox (53.24695pt too wide) has occurred while \output is active
  [] [][] [][][][] [][][][] [][][][][][] [][][][][][][][] [][][][]  
 []

[3

]
File: fig/gaodai_cover.jpg Graphic file (type bmp)
<fig/gaodai_cover.jpg>
File: ./fig/logo.png Graphic file (type bmp)
<./fig/logo.png>

Overfull \hbox (53.24695pt too wide) has occurred while \output is active
  [] [][] [][][][] [][][][] [][][][][][] [][][][][][][][] [][][][]  
 []

[4

]
File: fig/gaodai_cover.jpg Graphic file (type bmp)
<fig/gaodai_cover.jpg>
File: ./fig/logo.png Graphic file (type bmp)
<./fig/logo.png>

Overfull \hbox (53.24695pt too wide) has occurred while \output is active
  [] [][] [][][][] [][][][] [][][][][][] [][][][][][][][] [][][][]  
 []

[5

]
File: fig/gaodai_cover.jpg Graphic file (type bmp)
<fig/gaodai_cover.jpg>
File: ./fig/logo.png Graphic file (type bmp)
<./fig/logo.png>

Overfull \hbox (53.24695pt too wide) has occurred while \output is active
  [] [][] [][][][] [][][][] [][][][][][] [][][][][][][][] [][][][]  
 []

[6

]
File: fig/gaodai.jpg Graphic file (type bmp)
<fig/gaodai.jpg>
File: fig/gaodai_mat.jpg Graphic file (type bmp)
<fig/gaodai_mat.jpg>

Overfull \hbox (3.71558pt too wide) in paragraph at lines 91--91
[][] 
 []

File: ./fig/logo.png Graphic file (type bmp)
<./fig/logo.png>

Overfull \hbox (53.24695pt too wide) has occurred while \output is active
  [] [][] [][][][] [][][][] [][][][][][] [][][][][][][][] [][][][]  
 []

[7

] (./slides.toc)
File: ./fig/logo.png Graphic file (type bmp)
<./fig/logo.png>

Overfull \hbox (53.24695pt too wide) has occurred while \output is active
  [] [][] [][][][] [][][][] [][][][][][] [][][][][][][][] [][][][]  
 []

[8

]
LaTeX Font Info:    Trying to load font information for U+msa on input line 120.
(d:/Program/texlive/2022/texmf-dist/tex/latex/amsfonts/umsa.fd
File: umsa.fd 2013/01/14 v3.01 AMS symbols A
)
LaTeX Font Info:    Trying to load font information for U+msb on input line 120.
(d:/Program/texlive/2022/texmf-dist/tex/latex/amsfonts/umsb.fd
File: umsb.fd 2013/01/14 v3.01 AMS symbols B
)
File: ./fig/logo.png Graphic file (type bmp)
<./fig/logo.png>

Overfull \hbox (53.24695pt too wide) has occurred while \output is active
  [] [][] [][][][] [][][][] [][][][][][] [][][][][][][][] [][][][]  
 []

[9

]
File: ./fig/logo.png Graphic file (type bmp)
<./fig/logo.png>

Overfull \hbox (53.24695pt too wide) has occurred while \output is active
  [] [][] [][][][] [][][][] [][][][][][] [][][][][][][][] [][][][]  
 []

[10

] (./slides.toc)
File: ./fig/logo.png Graphic file (type bmp)
<./fig/logo.png>

Overfull \hbox (53.24695pt too wide) has occurred while \output is active
  [] [][] [][][][] [][][][] [][][][][][] [][][][][][][][] [][][][]  
 []

[11

]
File: ./fig/logo.png Graphic file (type bmp)
<./fig/logo.png>

Overfull \hbox (53.24695pt too wide) has occurred while \output is active
  [] [][] [][][][] [][][][] [][][][][][] [][][][][][][][] [][][][]  
 []

[12

]
File: ./fig/logo.png Graphic file (type bmp)
<./fig/logo.png>

Overfull \hbox (53.24695pt too wide) has occurred while \output is active
  [] [][] [][][][] [][][][] [][][][][][] [][][][][][][][] [][][][]  
 []

[13

]
Overfull \hbox (8.91348pt too wide) in paragraph at lines 389--389
[]  
 []


Overfull \vbox (17.48944pt too high) detected at line 389
 []

File: ./fig/logo.png Graphic file (type bmp)
<./fig/logo.png>

Overfull \hbox (53.24695pt too wide) has occurred while \output is active
  [] [][] [][][][] [][][][] [][][][][][] [][][][][][][][] [][][][]  
 []

[14

]
Overfull \hbox (8.91348pt too wide) in paragraph at lines 443--443
[]  
 []

File: ./fig/logo.png Graphic file (type bmp)
<./fig/logo.png>

Overfull \hbox (53.24695pt too wide) has occurred while \output is active
  [] [][] [][][][] [][][][] [][][][][][] [][][][][][][][] [][][][]  
 []

[15

] (./slides.toc)
File: ./fig/logo.png Graphic file (type bmp)
<./fig/logo.png>

Overfull \hbox (53.24695pt too wide) has occurred while \output is active
  [] [][] [][][][] [][][][] [][][][][][] [][][][][][][][] [][][][]  
 []

[16

]
File: ./fig/logo.png Graphic file (type bmp)
<./fig/logo.png>

Overfull \hbox (53.24695pt too wide) has occurred while \output is active
  [] [][] [][][][] [][][][] [][][][][][] [][][][][][][][] [][][][]  
 []

[17

]
File: ./fig/logo.png Graphic file (type bmp)
<./fig/logo.png>

Overfull \hbox (53.24695pt too wide) has occurred while \output is active
  [] [][] [][][][] [][][][] [][][][][][] [][][][][][][][] [][][][]  
 []

[18

]
Overfull \hbox (7.44664pt too wide) in paragraph at lines 618--618
[][]  
 []

File: ./fig/logo.png Graphic file (type bmp)
<./fig/logo.png>

Overfull \hbox (53.24695pt too wide) has occurred while \output is active
  [] [][] [][][][] [][][][] [][][][][][] [][][][][][][][] [][][][]  
 []

[19

]
File: ./fig/logo.png Graphic file (type bmp)
<./fig/logo.png>

Overfull \hbox (53.24695pt too wide) has occurred while \output is active
  [] [][] [][][][] [][][][] [][][][][][] [][][][][][][][] [][][][]  
 []

[20

]
File: ./fig/logo.png Graphic file (type bmp)
<./fig/logo.png>

Overfull \hbox (53.24695pt too wide) has occurred while \output is active
  [] [][] [][][][] [][][][] [][][][][][] [][][][][][][][] [][][][]  
 []

[21

]
File: ./fig/logo.png Graphic file (type bmp)
<./fig/logo.png>

Overfull \hbox (53.24695pt too wide) has occurred while \output is active
  [] [][] [][][][] [][][][] [][][][][][] [][][][][][][][] [][][][]  
 []

[22

] (./slides.toc)
File: ./fig/logo.png Graphic file (type bmp)
<./fig/logo.png>

Overfull \hbox (53.24695pt too wide) has occurred while \output is active
  [] [][] [][][][] [][][][] [][][][][][] [][][][][][][][] [][][][]  
 []

[23

]
File: fig/ref1.png Graphic file (type bmp)
<fig/ref1.png>
File: ./fig/logo.png Graphic file (type bmp)
<./fig/logo.png>

Overfull \hbox (53.24695pt too wide) has occurred while \output is active
  [] [][] [][][][] [][][][] [][][][][][] [][][][][][][][] [][][][]  
 []

[24

]
File: fig/ref1.png Graphic file (type bmp)
<fig/ref1.png>
File: ./fig/logo.png Graphic file (type bmp)
<./fig/logo.png>

Overfull \hbox (53.24695pt too wide) has occurred while \output is active
  [] [][] [][][][] [][][][] [][][][][][] [][][][][][][][] [][][][]  
 []

[25

]
File: fig/ref1.png Graphic file (type bmp)
<fig/ref1.png>
File: ./fig/logo.png Graphic file (type bmp)
<./fig/logo.png>

Overfull \hbox (53.24695pt too wide) has occurred while \output is active
  [] [][] [][][][] [][][][] [][][][][][] [][][][][][][][] [][][][]  
 []

[26

]
Missing character: There is no 5 ("35) in font nullfont!
File: ./fig/logo.png Graphic file (type bmp)
<./fig/logo.png>

Overfull \hbox (53.24695pt too wide) has occurred while \output is active
  [] [][] [][][][] [][][][] [][][][][][] [][][][][][][][] [][][][]  
 []

[27

]
\tf@nav=\write7
\openout7 = `slides.nav'.

\tf@toc=\write8
\openout8 = `slides.toc'.

\tf@snm=\write9
\openout9 = `slides.snm'.

(./slides.aux)
Package rerunfilecheck Info: File `slides.out' has not changed.
(rerunfilecheck)             Checksum: 1F6DDD49AF18449A9E631D803832C48D;956.
 ) 
Here is how much of TeX's memory you used:
 36101 strings out of 478126
 789862 string characters out of 5852467
 1207078 words of memory out of 5000000
 55931 multiletter control sequences out of 15000+600000
 476165 words of font info for 104 fonts, out of 8000000 for 9000
 36 hyphenation exceptions out of 8191
 99i,20n,104p,425b,889s stack positions out of 10000i,1000n,20000p,200000b,200000s

Output written on slides.pdf (27 pages).
